Build started 28.11.2016 11:51:45.
     1>Project "C:\VSProjects\PolishCalc\PolishCalc\PolishCalc.vcxproj" on node 2 (Build target(s)).
     1>ClCompile:
         C:\Program Files (x86)\Microsoft Visual Studio 12.0\VC\bin\CL.exe /c /ZI /nologo /W3 /WX- /Od /Oy- /D WIN32 /D _DEBUG /D _CONSOLE /D _UNICODE /D UNICODE /Gm /EHsc /RTC1 /MDd /GS /fp:precise /Zc:wchar_t /Zc:forScope /Fo"Debug\\" /Fd"Debug\vc120.pdb" /Gd /TP /analyze- /errorReport:prompt calculating.cpp convertToPolish.cpp isStringCorrect.cpp main.cpp
         isStringCorrect.cpp
         convertToPolish.cpp
     1>c:\vsprojects\polishcalc\polishcalc\converttopolish.cpp(65): error C2664: 'void charStack::push(char)' : cannot convert argument 1 from 'std::string' to 'char'
                 No user-defined-conversion operator available that can perform this conversion, or the operator cannot be called
     1>c:\vsprojects\polishcalc\polishcalc\converttopolish.cpp(139): error C2100: illegal indirection
     1>c:\vsprojects\polishcalc\polishcalc\converttopolish.cpp(149): error C2440: '=' : cannot convert from 'std::string' to 'char'
                 No user-defined-conversion operator available that can perform this conversion, or the operator cannot be called
         calculating.cpp
     1>c:\vsprojects\polishcalc\polishcalc\calculating.cpp(16): error C2440: '=' : cannot convert from 'std::string' to 'char'
                 No user-defined-conversion operator available that can perform this conversion, or the operator cannot be called
         Generating Code...
         Skipping... (no relevant changes detected)
         main.cpp
     1>Done Building Project "C:\VSProjects\PolishCalc\PolishCalc\PolishCalc.vcxproj" (Build target(s)) -- FAILED.

Build FAILED.

Time Elapsed 00:00:01.59
